127.0.0.1:8000/readingprocess/recentbook//:1 
        
        
        Failed to load resource: the server responded with a status of 404 (Not Found)
App.tsx:56 AxiosErrorcode: "ERR_BAD_REQUEST"config: {transitional: {…}, adapter: Array(2), transformRequest: Array(1), transformResponse: Array(1), timeout: 0, …}message: "Request failed with status code 404"name: "AxiosError"request: XMLHttpRequest {onreadystatechange: null, readyState: 4, timeout: 0, withCredentials: false, upload: XMLHttpRequestUpload, …}response: {data: '<!DOCTYPE html>\n<html lang="en">\n<head>\n  <meta ht…dard 404 page.\n    </p>\n  </div>\n</body>\n</html>\n', status: 404, statusText: 'Not Found', headers: AxiosHeaders, config: {…}, …}stack: "AxiosError: Request failed with status code 404\n    at settle (http://localhost:5173/node_modules/.vite/deps/axios.js?v=4a5d9dbe:1203:12)\n    at XMLHttpRequest.onloadend (http://localhost:5173/node_modules/.vite/deps/axios.js?v=4a5d9dbe:1420:7)\n    at Axios.request (http://localhost:5173/node_modules/.vite/deps/axios.js?v=4a5d9dbe:1780:41)"[[Prototype]]: Error
127.0.0.1:8000/readingprocess/recentbook//:1 
        
        
        Failed to load resource: the server responded with a status of 404 (Not Found)
App.tsx:56 AxiosErrorcode: "ERR_BAD_REQUEST"config: {transitional: {…}, adapter: Array(2), transformRequest: Array(1), transformResponse: Array(1), timeout: 0, …}message: "Request failed with status code 404"name: "AxiosError"request: XMLHttpRequest {onreadystatechange: null, readyState: 4, timeout: 0, withCredentials: false, upload: XMLHttpRequestUpload, …}response: {data: '<!DOCTYPE html>\n<html lang="en">\n<head>\n  <meta ht…dard 404 page.\n    </p>\n  </div>\n</body>\n</html>\n', status: 404, statusText: 'Not Found', headers: AxiosHeaders, config: {…}, …}stack: "AxiosError: Request failed with status code 404\n    at settle (http://localhost:5173/node_modules/.vite/deps/axios.js?v=4a5d9dbe:1203:12)\n    at XMLHttpRequest.onloadend (http://localhost:5173/node_modules/.vite/deps/axios.js?v=4a5d9dbe:1420:7)\n    at Axios.request (http://localhost:5173/node_modules/.vite/deps/axios.js?v=4a5d9dbe:1780:41)"[[Prototype]]: Error
react-jsx-dev-runtime.development.js:87  Warning: Each child in a list should have a unique "key" prop.

Check the render method of `VerticalPageBar`. See https://reactjs.org/link/warning-keys for more information.
    at VerticalPageBarCell (http://localhost:5173/src/components/VerticalPageBar.tsx:31:3)
    at VerticalPageBar (http://localhost:5173/src/components/VerticalPageBar.tsx:75:3)
    at div
    at div
    at HomePage (http://localhost:5173/src/components/HomePage.tsx:344:3)
    at App (http://localhost:5173/src/App.tsx:36:31)
printWarning @ react-jsx-dev-runtime.development.js:87
Show 1 more frame
Show less
localhost/:1  Access to XMLHttpRequest at 'http://103.82.194.67:8000/txt2speech' from origin 'http://localhost:5173' has been blocked by CORS policy: Response to preflight request doesn't pass access control check: No 'Access-Control-Allow-Origin' header is present on the requested resource.
SpeechServer.tsx:22 AxiosErrorcode: "ERR_NETWORK"config: {transitional: {…}, adapter: Array(2), transformRequest: Array(1), transformResponse: Array(1), timeout: 0, …}message: "Network Error"name: "AxiosError"request: XMLHttpRequest {onreadystatechange: null, readyState: 4, timeout: 0, withCredentials: false, upload: XMLHttpRequestUpload, …}stack: "AxiosError: Network Error\n    at XMLHttpRequest.handleError (http://localhost:5173/node_modules/.vite/deps/axios.js?v=4a5d9dbe:1450:14)\n    at Axios.request (http://localhost:5173/node_modules/.vite/deps/axios.js?v=4a5d9dbe:1780:41)"[[Prototype]]: Error
103.82.194.67:8000/txt2speech:1 
        
        
        Failed to load resource: net::ERR_FAILED
localhost/:1  Access to XMLHttpRequest at 'http://103.82.194.67:8000/txt2speech' from origin 'http://localhost:5173' has been blocked by CORS policy: Response to preflight request doesn't pass access control check: No 'Access-Control-Allow-Origin' header is present on the requested resource.
SpeechServer.tsx:22 AxiosError
103.82.194.67:8000/txt2speech:1 
        
        
        Failed to load resource: net::ERR_FAILED
localhost/:1  Access to XMLHttpRequest at 'http://103.82.194.67:8000/txt2speech' from origin 'http://localhost:5173' has been blocked by CORS policy: Response to preflight request doesn't pass access control check: No 'Access-Control-Allow-Origin' header is present on the requested resource.
SpeechServer.tsx:22 AxiosError
103.82.194.67:8000/txt2speech:1 
        
        
        Failed to load resource: net::ERR_FAILED
localhost/:1  Access to XMLHttpRequest at 'http://103.82.194.67:8000/txt2speech' from origin 'http://localhost:5173' has been blocked by CORS policy: Response to preflight request doesn't pass access control check: No 'Access-Control-Allow-Origin' header is present on the requested resource.
SpeechServer.tsx:22 AxiosError
103.82.194.67:8000/txt2speech:1 
        
        
        Failed to load resource: net::ERR_FAILED
react-jsx-dev-runtime.development.js:87  Warning: Each child in a list should have a unique "key" prop.

Check the render method of `ListPart`. See https://reactjs.org/link/warning-keys for more information.
    at ShelfOption (http://localhost:5173/src/components/HomePage.tsx:28:3)
    at ListPart (http://localhost:5173/src/components/HomePage.tsx:211:3)
    at div
    at div
    at ShelfListPart (http://localhost:5173/src/components/HomePage.tsx:317:3)
    at div
    at div
    at HomePage (http://localhost:5173/src/components/HomePage.tsx:344:3)
    at App (http://localhost:5173/src/App.tsx:36:31)
printWarning @ react-jsx-dev-runtime.development.js:87
Show 1 more frame
Show less
react-dom.development.js:86  Warning: validateDOMNesting(...): <button> cannot appear as a descendant of <button>.
    at button
    at div
    at div
    at button
    at div
    at ShelfOption (http://localhost:5173/src/components/HomePage.tsx:28:3)
    at div
    at div
    at InfiniteScroll2 (http://localhost:5173/node_modules/.vite/deps/react-infinite-scroll-component.js?v=4a5d9dbe:123:26)
    at ListPart (http://localhost:5173/src/components/HomePage.tsx:211:3)
    at div
    at div
    at ShelfListPart (http://localhost:5173/src/components/HomePage.tsx:317:3)
    at div
    at div
    at HomePage (http://localhost:5173/src/components/HomePage.tsx:344:3)
    at App (http://localhost:5173/src/App.tsx:36:31)
printWarning @ react-dom.development.js:86
Show 1 more frame
Show less
react-dom.development.js:86  Warning: validateDOMNesting(...): <p> cannot appear as a descendant of <p>.
    at p
    at p
    at div
    at button
    at div
    at ShelfOption (http://localhost:5173/src/components/HomePage.tsx:28:3)
    at div
    at div
    at InfiniteScroll2 (http://localhost:5173/node_modules/.vite/deps/react-infinite-scroll-component.js?v=4a5d9dbe:123:26)
    at ListPart (http://localhost:5173/src/components/HomePage.tsx:211:3)
    at div
    at div
    at ShelfListPart (http://localhost:5173/src/components/HomePage.tsx:317:3)
    at div
    at div
    at HomePage (http://localhost:5173/src/components/HomePage.tsx:344:3)
    at App (http://localhost:5173/src/App.tsx:36:31)
printWarning @ react-dom.development.js:86
Show 1 more frame
Show less
